<?xml version="1.0" encoding="UTF-8"?>
<!-- Generated by org.testng.reporters.JUnitReportReporter -->
<testsuite hostname="INDP277LT" failures="0" tests="5" name="com.orangehr.tests.TestDemo" time="107.870" errors="0" timestamp="2021-10-28T23:57:28 IST" skipped="0">
  <testcase classname="com.orangehr.tests.TestDemo" name="test01" time="23.824"/>
  <system-out/>
  <testcase classname="com.orangehr.tests.TestDemo" name="test01" time="22.005"/>
  <system-out/>
  <testcase classname="com.orangehr.tests.TestDemo" name="test02" time="9.924"/>
  <system-out/>
  <testcase classname="com.orangehr.tests.TestDemo" name="test02" time="25.561"/>
  <system-out/>
  <testcase classname="com.orangehr.tests.TestDemo" name="test01" time="26.556"/>
  <system-out/>
</testsuite> <!-- com.orangehr.tests.TestDemo -->
